2021-01-07 09:14:38,909 [Worker-3: Loading available Gradle versions] INFO  o.e.b.c.i.u.g.PublishedGradleVersions - Gradle version information cache is up-to-date. Trying to read.
2021-01-07 09:15:04,719 [Worker-0: Loading available Gradle versions] INFO  o.e.b.c.i.u.g.PublishedGradleVersions - Gradle version information cache is up-to-date. Trying to read.
2021-01-07 09:29:16,255 [Worker-0: Loading available Gradle versions] INFO  o.e.b.c.i.u.g.PublishedGradleVersions - Gradle version information cache is up-to-date. Trying to read.
2021-02-01 16:11:44,357 [Worker-1: Loading available Gradle versions] INFO  o.e.b.c.i.u.g.PublishedGradleVersions - Gradle version information cache is out-of-date. Trying to update.
2021-02-04 09:57:18,865 [Worker-0: Loading available Gradle versions] INFO  o.e.b.c.i.u.g.PublishedGradleVersions - Gradle version information cache is out-of-date. Trying to update.
2021-02-04 13:08:48,239 [main] INFO  org.eclipse.jetty.util.log - Logging initialized @11512738ms to org.eclipse.jetty.util.log.Slf4jLog
2021-02-04 13:08:48,443 [main] INFO  org.eclipse.jetty.server.Server - jetty-9.4.31.v20200723; built: 2020-08-03T13:24:06.825Z; git: 450ba27947e13e66baa8cd1ce7e85a4461cacc1d; jvm 14.0.2+12-46
2021-02-04 13:08:48,461 [main] INFO  org.eclipse.jetty.server.session - DefaultSessionIdManager workerName=node0
2021-02-04 13:08:48,462 [main] INFO  org.eclipse.jetty.server.session - No SessionScavenger set, using defaults
2021-02-04 13:08:48,463 [main] INFO  org.eclipse.jetty.server.session - node0 Scavenging every 660000ms
2021-02-04 13:08:48,488 [main] INFO  o.e.j.server.handler.ContextHandler - Started o.e.j.s.ServletContextHandler@187bb1ec{/wse,null,AVAILABLE}
2021-02-04 13:08:48,510 [main] INFO  o.e.jetty.server.AbstractConnector - Started ServerConnector@76ac046c{HTTP/1.1, (http/1.1)}{0.0.0.0:59621}
2021-02-04 13:08:48,510 [main] INFO  org.eclipse.jetty.server.Server - Started @11513020ms
2021-02-04 13:08:48,510 [main] INFO  org.eclipse.jetty.server.session - node0 Scavenging every 726000ms
2021-02-04 13:15:26,665 [Framework stop - Equinox Container: 9e0001f5-162f-4bb5-b361-de3ccd3fbc51] INFO  o.e.jetty.server.AbstractConnector - Stopped ServerConnector@76ac046c{HTTP/1.1, (http/1.1)}{0.0.0.0:0}
2021-02-04 13:15:26,665 [Framework stop - Equinox Container: 9e0001f5-162f-4bb5-b361-de3ccd3fbc51] INFO  org.eclipse.jetty.server.session - node0 Stopped scavenging
2021-02-04 13:15:26,699 [Framework stop - Equinox Container: 9e0001f5-162f-4bb5-b361-de3ccd3fbc51] INFO  o.e.j.server.handler.ContextHandler - Stopped o.e.j.s.ServletContextHandler@187bb1ec{/wse,null,UNAVAILABLE}
2021-02-04 13:17:35,135 [Worker-2: Loading available Gradle versions] INFO  o.e.b.c.i.u.g.PublishedGradleVersions - Gradle version information cache is up-to-date. Trying to read.
2021-02-04 13:32:42,920 [Worker-1: Loading available Gradle versions] INFO  o.e.b.c.i.u.g.PublishedGradleVersions - Gradle version information cache is up-to-date. Trying to read.
2021-02-04 13:35:50,942 [Worker-1: Loading available Gradle versions] INFO  o.e.b.c.i.u.g.PublishedGradleVersions - Gradle version information cache is up-to-date. Trying to read.
2021-02-04 15:54:20,190 [Worker-0: Loading available Gradle versions] INFO  o.e.b.c.i.u.g.PublishedGradleVersions - Gradle version information cache is up-to-date. Trying to read.
2021-02-22 02:41:52,369 [Worker-0: Loading available Gradle versions] INFO  o.e.b.c.i.u.g.PublishedGradleVersions - Gradle version information cache is out-of-date. Trying to update.
